<?xml version="1.0" encoding="UTF-8"?>
<!-- Generated by org.testng.reporters.JUnitXMLReporter -->
<testsuite hostname="LAPTOP-PBAPA9IE" ignored="0" name="Command line test" tests="2" failures="1" timestamp="21 dic 2016 20:05:20 GMT" time="12.612" errors="0">
  <testcase name="a_validaCampos" time="0.55" classname="test.test">
    <failure type="java.lang.AssertionError" message="expected [true] but found [false]">
      <![CDATA[java.lang.AssertionError: expected [true] but found [false]
	at test.test.a_validaCampos(test.java:29)
... Removed 38 stack frames]]>
    </failure>
  </testcase> <!-- a_validaCampos -->
  <testcase name="b_addFiltro" time="0.0" classname="test.test">
    <skipped/>
  </testcase> <!-- b_addFiltro -->
</testsuite> <!-- Command line test -->
