<?xml version="1.0" encoding="UTF-8" ?>
<testsuite tests="2" failures="1" name="test.test" time="1.107" errors="0" skipped="1">
  <properties>
[...]
</properties>
  <testcase classname="test.test" name="a_validaCampos" time="0.553">
    <failure message="expected [true] but found [false]" type="java.lang.AssertionError">java.lang.AssertionError: expected [true] but found [false]
	at org.testng.Assert.fail(Assert.java:94)
	at org.testng.Assert.failNotEquals(Assert.java:513)
	at org.testng.Assert.assertTrue(Assert.java:42)
	at org.testng.Assert.assertTrue(Assert.java:52)
	at test.test.a_validaCampos(test.java:29)
</failure>
    <system-out>Configuring TestNG with: org.apache.maven.surefire.testng.conf.TestNG652Configurator@5d22bbb7
</system-out>
    <system-err>log4j:WARN No appenders could be found for logger (org.apache.http.client.protocol.RequestAddCookies).
log4j:WARN Please initialize the log4j system properly.
log4j:WARN See http://logging.apache.org/log4j/1.2/faq.html#noconfig for more info.
</system-err>
  </testcase>
  <testcase classname="test.test" name="b_addFiltro" time="0.554">
    <skipped/>
  </testcase>
</testsuite>